<?xml version="1.0" encoding="UTF-8"?>
<testsuite name="com.app.project.controller.PetGrowthTest" tests="1" skipped="0" failures="1" errors="0" timestamp="2025-11-18T05:47:45.837Z" hostname="Danahs-MacBook-Pro.local" time="0.144">
  <properties/>
  <testcase name="testPetGrowthWhenMetersHigh()" classname="com.app.project.controller.PetGrowthTest" time="0.144">
    <failure message="java.lang.AssertionError: JSON path &quot;$.age.ageID&quot; expected:&lt;2&gt; but was:&lt;1&gt;" type="java.lang.AssertionError">java.lang.AssertionError: JSON path &quot;$.age.ageID&quot; expected:&lt;2&gt; but was:&lt;1&gt;
	at org.springframework.test.util.AssertionErrors.fail(AssertionErrors.java:61)
	at org.springframework.test.util.AssertionErrors.assertEquals(AssertionErrors.java:128)
	at org.springframework.test.util.JsonPathExpectationsHelper.assertValue(JsonPathExpectationsHelper.java:172)
	at org.springframework.test.web.servlet.result.JsonPathResultMatchers.lambda$value$2(JsonPathResultMatchers.java:112)
	at org.springframework.test.web.servlet.MockMvc$1.andExpect(MockMvc.java:214)
	at com.app.project.controller.PetGrowthTest.testPetGrowthWhenMetersHigh(PetGrowthTest.java:124)
	at java.base/java.lang.reflect.Method.invoke(Unknown Source)
	at java.base/java.util.ArrayList.forEach(Unknown Source)
	at java.base/java.util.ArrayList.forEach(Unknown Source)
</failure>
  </testcase>
  <system-out><![CDATA[21:47:41.806 [Test worker] INFO org.springframework.test.context.support.AnnotationConfigContextLoaderUtils -- Could not detect default configuration classes for test class [com.app.project.controller.PetGrowthTest]: PetGrowthTest does not declare any static, non-private, non-final, nested classes annotated with @Configuration.
21:47:41.914 [Test worker] INFO org.springframework.boot.test.context.SpringBootTestContextBootstrapper -- Found @SpringBootConfiguration com.app.project.DearsApplication for test class com.app.project.controller.PetGrowthTest

  .   ____          _            __ _ _
 /\\ / ___'_ __ _ _(_)_ __  __ _ \ \ \ \
( ( )\___ | '_ | '_| | '_ \/ _` | \ \ \ \
 \\/  ___)| |_)| | | | | || (_| |  ) ) ) )
  '  |____| .__|_| |_|_| |_\__, | / / / /
 =========|_|==============|___/=/_/_/_/

 :: Spring Boot ::                (v3.5.6)

2025-11-17T21:47:42.166-08:00  INFO 3845 --- [project] [    Test worker] c.app.project.controller.PetGrowthTest   : Starting PetGrowthTest using Java 21.0.6 with PID 3845 (started by danahyun in /Users/danahyun/DEARS/backend)
2025-11-17T21:47:42.167-08:00  INFO 3845 --- [project] [    Test worker] c.app.project.controller.PetGrowthTest   : No active profile set, falling back to 1 default profile: "default"
2025-11-17T21:47:42.547-08:00  INFO 3845 --- [project] [    Test worker] .s.d.r.c.RepositoryConfigurationDelegate : Bootstrapping Spring Data JPA repositories in DEFAULT mode.
2025-11-17T21:47:42.597-08:00  INFO 3845 --- [project] [    Test worker] .s.d.r.c.RepositoryConfigurationDelegate : Finished Spring Data repository scanning in 43 ms. Found 10 JPA repository interfaces.
2025-11-17T21:47:43.699-08:00  INFO 3845 --- [project] [    Test worker] com.zaxxer.hikari.HikariDataSource       : HikariPool-1 - Starting...
2025-11-17T21:47:44.003-08:00  INFO 3845 --- [project] [    Test worker] com.zaxxer.hikari.pool.HikariPool        : HikariPool-1 - Added connection com.mysql.cj.jdbc.ConnectionImpl@4c9d833
2025-11-17T21:47:44.004-08:00  INFO 3845 --- [project] [    Test worker] com.zaxxer.hikari.HikariDataSource       : HikariPool-1 - Start completed.
2025-11-17T21:47:44.059-08:00  INFO 3845 --- [project] [    Test worker] o.hibernate.jpa.internal.util.LogHelper  : HHH000204: Processing PersistenceUnitInfo [name: default]
2025-11-17T21:47:44.102-08:00  INFO 3845 --- [project] [    Test worker] org.hibernate.Version                    : HHH000412: Hibernate ORM core version 6.6.29.Final
2025-11-17T21:47:44.125-08:00  INFO 3845 --- [project] [    Test worker] o.h.c.internal.RegionFactoryInitiator    : HHH000026: Second-level cache disabled
2025-11-17T21:47:44.202-08:00  INFO 3845 --- [project] [    Test worker] o.s.o.j.p.SpringPersistenceUnitInfo      : No LoadTimeWeaver setup: ignoring JPA class transformer
2025-11-17T21:47:44.272-08:00  INFO 3845 --- [project] [    Test worker] org.hibernate.orm.connections.pooling    : HHH10001005: Database info:
	Database JDBC URL [Connecting through datasource 'HikariDataSource (HikariPool-1)']
	Database driver: undefined/unknown
	Database version: 9.5
	Autocommit mode: undefined/unknown
	Isolation level: undefined/unknown
	Minimum pool size: undefined/unknown
	Maximum pool size: undefined/unknown
2025-11-17T21:47:44.806-08:00  INFO 3845 --- [project] [    Test worker] o.h.e.t.j.p.i.JtaPlatformInitiator       : HHH000489: No JTA platform available (set 'hibernate.transaction.jta.platform' to enable JTA platform integration)
2025-11-17T21:47:44.913-08:00  INFO 3845 --- [project] [    Test worker] j.LocalContainerEntityManagerFactoryBean : Initialized JPA EntityManagerFactory for persistence unit 'default'
Hibernate: select count(*) from chat_choices cc1_0
Hibernate: select count(*) from food f1_0
2025-11-17T21:47:45.554-08:00  WARN 3845 --- [project] [    Test worker] JpaBaseConfiguration$JpaWebConfiguration : spring.jpa.open-in-view is enabled by default. Therefore, database queries may be performed during view rendering. Explicitly configure spring.jpa.open-in-view to disable this warning
2025-11-17T21:47:45.804-08:00  INFO 3845 --- [project] [    Test worker] o.s.b.t.m.w.SpringBootMockServletContext : Initializing Spring TestDispatcherServlet ''
2025-11-17T21:47:45.804-08:00  INFO 3845 --- [project] [    Test worker] o.s.t.web.servlet.TestDispatcherServlet  : Initializing Servlet ''
2025-11-17T21:47:45.805-08:00  INFO 3845 --- [project] [    Test worker] o.s.t.web.servlet.TestDispatcherServlet  : Completed initialization in 0 ms
2025-11-17T21:47:45.828-08:00  INFO 3845 --- [project] [    Test worker] c.app.project.controller.PetGrowthTest   : Started PetGrowthTest in 3.831 seconds (process running for 4.69)

MockHttpServletRequest:
      HTTP Method = PATCH
      Request URI = /api/pet/1
       Parameters = {}
          Headers = [Content-Type:"application/json;charset=UTF-8", Content-Length:"58"]
             Body = {"happiness_meter":20,"energy_meter":20,"hunger_meter":20}
    Session Attrs = {}

Handler:
             Type = com.app.project.controller.PetController
           Method = com.app.project.controller.PetController#updatePet(int, Map)

Async:
    Async started = false
     Async result = null

Resolved Exception:
             Type = null

ModelAndView:
        View name = null
             View = null
            Model = null

FlashMap:
       Attributes = null

MockHttpServletResponse:
           Status = 200
    Error message = null
          Headers = [Content-Type:"application/json"]
     Content type = application/json
             Body = {"name":"Fluffy","type":"Cat","user":null,"age":{"ageStage":"baby","ageID":1,"meterMax":10},"hunger":{"meterMax":10,"hungerID":0},"happiness":{"happinessID":0,"meterMax":10},"energy":{"energyID":0,"meterMax":10},"petID":0,"hungerMeter":20,"energyMeter":20,"readyToGrow":false,"happy":true,"full":true,"happinessMeter":20,"growthPoints":5}
    Forwarded URL = null
   Redirected URL = null
          Cookies = []
]]></system-out>
  <system-err><![CDATA[Mockito is currently self-attaching to enable the inline-mock-maker. This will no longer work in future releases of the JDK. Please add Mockito as an agent to your build as described in Mockito's documentation: https://javadoc.io/doc/org.mockito/mockito-core/latest/org.mockito/org/mockito/Mockito.html#0.3
WARNING: A Java agent has been loaded dynamically (/Users/danahyun/.gradle/caches/modules-2/files-2.1/net.bytebuddy/byte-buddy-agent/1.17.7/fbf3d6d649ed37fc9e9c59480a05be0a26e3c2da/byte-buddy-agent-1.17.7.jar)
WARNING: If a serviceability tool is in use, please run with -XX:+EnableDynamicAgentLoading to hide this warning
WARNING: If a serviceability tool is not in use, please run with -Djdk.instrument.traceUsage for more information
WARNING: Dynamic loading of agents will be disallowed by default in a future release
]]></system-err>
</testsuite>
